2025-08-30 08:38:03,130 - INFO - Database initialized successfully
2025-08-30 09:33:03,873 - INFO - Database initialized successfully
2025-08-30 09:33:03,873 - INFO - Starting immediate download
2025-08-30 09:33:03,873 - INFO - Starting download using curl (reliable method)...
2025-08-30 09:33:03,874 - INFO - Downloading LM_licenses_20250830.zip from https://data.fcc.gov/download/pub/uls/complete/l_LMpriv.zip using curl (attempt 1/3)
2025-08-30 09:33:03,874 - INFO - Running: curl -L -C - --progress-bar --max-time 600 --retry ... https://data.fcc.gov/download/pub/uls/complete/l_LMpriv.zip
2025-08-30 09:35:37,728 - INFO - Downloaded LM_licenses_20250830.zip successfully (396,496,126 bytes)
2025-08-30 09:35:52,868 - INFO - Extracted downloads/LM_licenses_20250830.zip to downloads/extracted_LM_licenses_20250830
2025-08-30 09:36:04,818 - INFO - Processed 848734 records from downloads/extracted_LM_licenses_20250830/HD.dat
2025-08-30 09:36:04,818 - INFO - Processed 848734 records from HD.dat into licenses table
2025-08-30 09:36:44,105 - INFO - Processed 2019927 records from downloads/extracted_LM_licenses_20250830/AN.dat
2025-08-30 09:36:44,105 - INFO - Processed 2019927 records from AN.dat into antennas table
2025-08-30 09:36:59,448 - INFO - Processed 1489119 records from downloads/extracted_LM_licenses_20250830/EN.dat
2025-08-30 09:36:59,449 - INFO - Processed 1489119 records from EN.dat into entities table
2025-08-30 09:37:46,756 - INFO - Processed 1973701 records from downloads/extracted_LM_licenses_20250830/LO.dat
2025-08-30 09:37:46,756 - INFO - Processed 1973701 records from LO.dat into locations table
2025-08-30 09:38:50,552 - INFO - Processed 5606239 records from downloads/extracted_LM_licenses_20250830/FR.dat
2025-08-30 09:38:50,552 - INFO - Processed 5606239 records from FR.dat into frequencies table
2025-08-30 09:38:50,553 - INFO - Downloading LM_applications_20250830.zip from https://data.fcc.gov/download/pub/uls/complete/a_LMpriv.zip using curl (attempt 1/3)
2025-08-30 09:38:50,553 - INFO - Running: curl -L -C - --progress-bar --max-time 600 --retry ... https://data.fcc.gov/download/pub/uls/complete/a_LMpriv.zip
2025-08-30 09:42:36,476 - INFO - Downloaded LM_applications_20250830.zip successfully (668,529,512 bytes)
2025-08-30 09:43:04,035 - INFO - Extracted downloads/LM_applications_20250830.zip to downloads/extracted_LM_applications_20250830
2025-08-30 09:43:47,945 - INFO - Processed 2662245 records from downloads/extracted_LM_applications_20250830/HD.dat
2025-08-30 09:43:47,953 - INFO - Processed 2662245 records from HD.dat into licenses table
2025-08-30 09:44:14,290 - INFO - Processed 1289321 records from downloads/extracted_LM_applications_20250830/AN.dat
2025-08-30 09:44:14,291 - INFO - Processed 1289321 records from AN.dat into antennas table
2025-08-30 09:45:12,027 - INFO - Processed 5010807 records from downloads/extracted_LM_applications_20250830/EN.dat
2025-08-30 09:45:12,028 - INFO - Processed 5010807 records from EN.dat into entities table
2025-08-30 09:45:45,994 - INFO - Processed 1329943 records from downloads/extracted_LM_applications_20250830/LO.dat
2025-08-30 09:45:45,994 - INFO - Processed 1329943 records from LO.dat into locations table
2025-08-30 09:46:37,802 - INFO - Processed 5125617 records from downloads/extracted_LM_applications_20250830/FR.dat
2025-08-30 09:46:37,802 - INFO - Processed 5125617 records from FR.dat into frequencies table
2025-08-30 09:46:37,813 - INFO - Download and processing completed. Total records: 27355653
2025-08-30 10:07:27,260 - INFO - Database initialized successfully
2025-08-30 10:14:35,064 - INFO - Database initialized successfully
2025-08-30 10:14:35,064 - INFO - Starting immediate download
2025-08-30 10:14:35,064 - INFO - Starting download using curl (reliable method)...
2025-08-30 10:14:35,065 - INFO - Downloading LM_licenses_20250830.zip from https://data.fcc.gov/download/pub/uls/complete/l_LMpriv.zip using curl (attempt 1/3)
2025-08-30 10:14:35,065 - INFO - Running: curl -L -C - --progress-bar --max-time 600 --retry ... https://data.fcc.gov/download/pub/uls/complete/l_LMpriv.zip
2025-08-30 10:14:35,352 - INFO - Downloaded LM_licenses_20250830.zip successfully (396,496,126 bytes)
2025-08-30 10:14:52,501 - INFO - Extracted downloads/LM_licenses_20250830.zip to downloads/extracted_LM_licenses_20250830
2025-08-30 10:15:36,016 - INFO - Processed 848734 records from downloads/extracted_LM_licenses_20250830/HD.dat
2025-08-30 10:15:36,016 - INFO - Processed 848734 records from HD.dat into licenses table
2025-08-30 10:16:21,197 - INFO - Processed 2019927 records from downloads/extracted_LM_licenses_20250830/AN.dat
2025-08-30 10:16:21,197 - INFO - Processed 2019927 records from AN.dat into antennas table
2025-08-30 10:18:27,701 - INFO - Processed 1489119 records from downloads/extracted_LM_licenses_20250830/EN.dat
2025-08-30 10:18:27,702 - INFO - Processed 1489119 records from EN.dat into entities table
2025-08-30 10:20:11,327 - INFO - Processed 1973701 records from downloads/extracted_LM_licenses_20250830/LO.dat
2025-08-30 10:20:11,327 - INFO - Processed 1973701 records from LO.dat into locations table
2025-08-30 10:26:36,156 - INFO - Processed 5606239 records from downloads/extracted_LM_licenses_20250830/FR.dat
2025-08-30 10:26:36,156 - INFO - Processed 5606239 records from FR.dat into frequencies table
2025-08-30 10:26:36,156 - INFO - Downloading LM_applications_20250830.zip from https://data.fcc.gov/download/pub/uls/complete/a_LMpriv.zip using curl (attempt 1/3)
2025-08-30 10:26:36,156 - INFO - Running: curl -L -C - --progress-bar --max-time 600 --retry ... https://data.fcc.gov/download/pub/uls/complete/a_LMpriv.zip
2025-08-30 10:26:36,305 - INFO - Downloaded LM_applications_20250830.zip successfully (668,529,512 bytes)
2025-08-30 10:27:05,207 - INFO - Extracted downloads/LM_applications_20250830.zip to downloads/extracted_LM_applications_20250830
2025-08-30 10:29:42,840 - INFO - Processed 2662245 records from downloads/extracted_LM_applications_20250830/HD.dat
2025-08-30 10:29:42,848 - INFO - Processed 2662245 records from HD.dat into licenses table
2025-08-30 10:30:13,882 - INFO - Processed 1289321 records from downloads/extracted_LM_applications_20250830/AN.dat
2025-08-30 10:30:13,882 - INFO - Processed 1289321 records from AN.dat into antennas table
2025-08-30 10:37:15,150 - INFO - Processed 5010807 records from downloads/extracted_LM_applications_20250830/EN.dat
2025-08-30 10:37:15,151 - INFO - Processed 5010807 records from EN.dat into entities table
2025-08-30 10:38:28,766 - INFO - Processed 1329943 records from downloads/extracted_LM_applications_20250830/LO.dat
2025-08-30 10:38:28,767 - INFO - Processed 1329943 records from LO.dat into locations table
2025-08-30 10:43:38,842 - INFO - Processed 5125617 records from downloads/extracted_LM_applications_20250830/FR.dat
2025-08-30 10:43:38,842 - INFO - Processed 5125617 records from FR.dat into frequencies table
2025-08-30 10:43:38,856 - INFO - Download and processing completed. Total records: 27355653
2025-08-30 11:01:11,441 - INFO - Database initialized successfully
2025-08-30 11:01:11,441 - INFO - Processing existing downloaded files without downloading
2025-08-30 11:01:56,514 - INFO - Processed 848735 records from downloads/extracted_LM_licenses_20250830/HD.dat
2025-08-30 11:01:56,514 - INFO - Processed 848735 records from HD.dat into licenses table
2025-08-30 11:02:41,985 - INFO - Processed 2019928 records from downloads/extracted_LM_licenses_20250830/AN.dat
2025-08-30 11:02:41,985 - INFO - Processed 2019928 records from AN.dat into antennas table
2025-08-30 11:05:07,164 - INFO - Processed 1489120 records from downloads/extracted_LM_licenses_20250830/EN.dat
2025-08-30 11:05:07,166 - INFO - Processed 1489120 records from EN.dat into entities table
2025-08-30 11:06:53,504 - INFO - Processed 1973702 records from downloads/extracted_LM_licenses_20250830/LO.dat
2025-08-30 11:06:53,504 - INFO - Processed 1973702 records from LO.dat into locations table
2025-08-30 11:11:27,591 - INFO - Processed 5606240 records from downloads/extracted_LM_licenses_20250830/FR.dat
2025-08-30 11:11:27,591 - INFO - Processed 5606240 records from FR.dat into frequencies table
2025-08-30 11:14:10,261 - INFO - Processed 2662246 records from downloads/extracted_LM_applications_20250830/HD.dat
2025-08-30 11:14:10,270 - INFO - Processed 2662246 records from HD.dat into licenses table
2025-08-30 11:14:41,350 - INFO - Processed 1289322 records from downloads/extracted_LM_applications_20250830/AN.dat
2025-08-30 11:14:41,350 - INFO - Processed 1289322 records from AN.dat into antennas table
2025-08-30 11:21:43,965 - INFO - Processed 5010808 records from downloads/extracted_LM_applications_20250830/EN.dat
2025-08-30 11:21:43,965 - INFO - Processed 5010808 records from EN.dat into entities table
2025-08-30 11:22:58,701 - INFO - Processed 1329944 records from downloads/extracted_LM_applications_20250830/LO.dat
2025-08-30 11:22:58,702 - INFO - Processed 1329944 records from LO.dat into locations table
2025-08-30 11:24:52,078 - INFO - Processed 5125618 records from downloads/extracted_LM_applications_20250830/FR.dat
2025-08-30 11:24:52,078 - INFO - Processed 5125618 records from FR.dat into frequencies table
2025-08-30 16:48:10,620 - WARNING - Error creating unique indexes: UNIQUE constraint failed: entities.unique_system_identifier
2025-08-30 16:48:10,621 - INFO - Database initialized successfully
2025-08-30 16:48:10,621 - INFO - Processing existing downloaded files without downloading
2025-08-30 16:48:58,283 - INFO - Processed 848735 records from downloads/extracted_LM_licenses_20250830/HD.dat
2025-08-30 16:48:58,283 - INFO - Processed 848735 records from HD.dat into licenses table
2025-08-30 16:49:43,775 - INFO - Processed 2019928 records from downloads/extracted_LM_licenses_20250830/AN.dat
2025-08-30 16:49:43,775 - INFO - Processed 2019928 records from AN.dat into antennas table
2025-08-30 16:51:41,304 - INFO - Processed 1489120 records from downloads/extracted_LM_licenses_20250830/EN.dat
2025-08-30 16:51:41,305 - INFO - Processed 1489120 records from EN.dat into entities table
2025-08-30 16:53:28,752 - INFO - Processed 1973702 records from downloads/extracted_LM_licenses_20250830/LO.dat
2025-08-30 16:53:28,752 - INFO - Processed 1973702 records from LO.dat into locations table
2025-08-30 16:59:48,470 - INFO - Processed 5606240 records from downloads/extracted_LM_licenses_20250830/FR.dat
2025-08-30 16:59:48,470 - INFO - Processed 5606240 records from FR.dat into frequencies table
2025-08-30 17:02:32,107 - INFO - Processed 2662246 records from downloads/extracted_LM_applications_20250830/HD.dat
2025-08-30 17:02:32,115 - INFO - Processed 2662246 records from HD.dat into licenses table
2025-08-30 17:03:02,976 - INFO - Processed 1289322 records from downloads/extracted_LM_applications_20250830/AN.dat
2025-08-30 17:03:02,976 - INFO - Processed 1289322 records from AN.dat into antennas table
2025-08-30 17:03:10,423 - INFO - Processed 0 records from downloads/extracted_LM_applications_20250830/EN.dat
2025-08-30 17:03:10,423 - INFO - Processed 0 records from EN.dat into entities table
2025-08-30 17:04:25,420 - INFO - Processed 1329944 records from downloads/extracted_LM_applications_20250830/LO.dat
2025-08-30 17:04:25,420 - INFO - Processed 1329944 records from LO.dat into locations table
2025-08-30 17:08:53,172 - INFO - Processed 5125618 records from downloads/extracted_LM_applications_20250830/FR.dat
2025-08-30 17:08:53,172 - INFO - Processed 5125618 records from FR.dat into frequencies table
